Line 3988: Class MSComctlLib.ListView of control lstw was not a loaded control class.
Line 3994: The property name _ExtentX in lstw is invalid.
Line 3995: The property name _ExtentY in lstw is invalid.
Line 3996: The property name View in lstw is invalid.
Line 3997: The property name LabelEdit in lstw is invalid.
Line 3998: The property name LabelWrap in lstw is invalid.
Line 3999: The property name HideSelection in lstw is invalid.
Line 4000: The property name FlatScrollBar in lstw is invalid.
Line 4001: The property name FullRowSelect in lstw is invalid.
Line 4002: The property name GridLines in lstw is invalid.
Line 4003: The property name _Version in lstw is invalid.
Line 4004: The property name Icons in lstw is invalid.
Line 4005: The property name SmallIcons in lstw is invalid.
Line 4006: The property name ColHdrIcons in lstw is invalid.
Line 4020: The property name NumItems in lstw is invalid.
Line 4023: The property name ColumnHeader(1) in lstw is invalid.
Line 4028: The property name ColumnHeader(2) in lstw is invalid.
Line 4033: The property name ColumnHeader(3) in lstw is invalid.
Line 4038: The property name ColumnHeader(4) in lstw is invalid.
Line 4043: The property name ColumnHeader(5) in lstw is invalid.
